2025-03-23T17:56:27.272+05:30  INFO 34258 --- [The_Student_Voice_Backend] [restartedMain] c.e.T.TheStudentVoiceBackendApplication  : Starting TheStudentVoiceBackendApplication using Java 17.0.14 with PID 34258 (/Users/home/Desktop/TSV/The-Student-Voice-Backend/The_Student_Voice_Backend/build/classes/java/main started by home in /Users/home/Desktop/TSV/The-Student-Voice-Backend/The_Student_Voice_Backend)
2025-03-23T17:56:27.273+05:30  INFO 34258 --- [The_Student_Voice_Backend] [restartedMain] c.e.T.TheStudentVoiceBackendApplication  : The following 1 profile is active: "prod"
2025-03-23T17:56:28.007+05:30  WARN 34258 --- [The_Student_Voice_Backend] [restartedMain] ConfigServletWebServerApplicationContext : Exception encountered during context initialization - cancelling refresh attempt: org.springframework.context.ApplicationContextException: Unable to start web server
2025-03-23T17:56:28.032+05:30 ERROR 34258 --- [The_Student_Voice_Backend] [restartedMain] o.s.boot.SpringApplication               : Application run failed

org.springframework.context.ApplicationContextException: Unable to start web server
	at org.springframework.boot.web.servlet.context.ServletWebServerApplicationContext.onRefresh(ServletWebServerApplicationContext.java:165) ~[spring-boot-3.2.3.jar:3.2.3]
	at org.springframework.context.support.AbstractApplicationContext.refresh(AbstractApplicationContext.java:618) ~[spring-context-6.1.4.jar:6.1.4]
	at org.springframework.boot.web.servlet.context.ServletWebServerApplicationContext.refresh(ServletWebServerApplicationContext.java:146) ~[spring-boot-3.2.3.jar:3.2.3]
	at org.springframework.boot.SpringApplication.refresh(SpringApplication.java:754) ~[spring-boot-3.2.3.jar:3.2.3]
	at org.springframework.boot.SpringApplication.refreshContext(SpringApplication.java:456) ~[spring-boot-3.2.3.jar:3.2.3]
	at org.springframework.boot.SpringApplication.run(SpringApplication.java:334) ~[spring-boot-3.2.3.jar:3.2.3]
	at org.springframework.boot.SpringApplication.run(SpringApplication.java:1354) ~[spring-boot-3.2.3.jar:3.2.3]
	at org.springframework.boot.SpringApplication.run(SpringApplication.java:1343) ~[spring-boot-3.2.3.jar:3.2.3]
	at com.example.The_Student_Voice_Backend.TheStudentVoiceBackendApplication.main(TheStudentVoiceBackendApplication.java:9) ~[main/:na]
	at java.base/jdk.internal.reflect.NativeMethodAccessorImpl.invoke0(Native Method) ~[na:na]
	at java.base/jdk.internal.reflect.NativeMethodAccessorImpl.invoke(NativeMethodAccessorImpl.java:77) ~[na:na]
	at java.base/jdk.internal.reflect.DelegatingMethodAccessorImpl.invoke(DelegatingMethodAccessorImpl.java:43) ~[na:na]
	at java.base/java.lang.reflect.Method.invoke(Method.java:569) ~[na:na]
	at org.springframework.boot.devtools.restart.RestartLauncher.run(RestartLauncher.java:50) ~[spring-boot-devtools-3.2.3.jar:3.2.3]
Caused by: java.lang.IllegalStateException: Unable to create key store: Could not load store from 'classpath:keystore.p12'
	at org.springframework.boot.ssl.jks.JksSslStoreBundle.createKeyStore(JksSslStoreBundle.java:94) ~[spring-boot-3.2.3.jar:3.2.3]
	at org.springframework.boot.ssl.jks.JksSslStoreBundle.<init>(JksSslStoreBundle.java:57) ~[spring-boot-3.2.3.jar:3.2.3]
	at org.springframework.boot.web.server.WebServerSslBundle.createJksKeyStoreBundle(WebServerSslBundle.java:90) ~[spring-boot-3.2.3.jar:3.2.3]
	at org.springframework.boot.web.server.WebServerSslBundle.createKeyStore(WebServerSslBundle.java:189) ~[spring-boot-3.2.3.jar:3.2.3]
	at org.springframework.boot.web.server.WebServerSslBundle.createStoreBundle(WebServerSslBundle.java:179) ~[spring-boot-3.2.3.jar:3.2.3]
	at org.springframework.boot.web.server.WebServerSslBundle.get(WebServerSslBundle.java:174) ~[spring-boot-3.2.3.jar:3.2.3]
	at org.springframework.boot.web.server.AbstractConfigurableWebServerFactory.getSslBundle(AbstractConfigurableWebServerFactory.java:225) ~[spring-boot-3.2.3.jar:3.2.3]
	at org.springframework.boot.web.embedded.tomcat.TomcatServletWebServerFactory.customizeSsl(TomcatServletWebServerFactory.java:373) ~[spring-boot-3.2.3.jar:3.2.3]
	at org.springframework.boot.web.embedded.tomcat.TomcatServletWebServerFactory.customizeConnector(TomcatServletWebServerFactory.java:349) ~[spring-boot-3.2.3.jar:3.2.3]
	at org.springframework.boot.web.embedded.tomcat.TomcatServletWebServerFactory.getWebServer(TomcatServletWebServerFactory.java:210) ~[spring-boot-3.2.3.jar:3.2.3]
	at org.springframework.boot.web.servlet.context.ServletWebServerApplicationContext.createWebServer(ServletWebServerApplicationContext.java:188) ~[spring-boot-3.2.3.jar:3.2.3]
	at org.springframework.boot.web.servlet.context.ServletWebServerApplicationContext.onRefresh(ServletWebServerApplicationContext.java:162) ~[spring-boot-3.2.3.jar:3.2.3]
	... 13 common frames omitted
Caused by: java.lang.IllegalStateException: Could not load store from 'classpath:keystore.p12'
	at org.springframework.boot.ssl.jks.JksSslStoreBundle.loadKeyStore(JksSslStoreBundle.java:123) ~[spring-boot-3.2.3.jar:3.2.3]
	at org.springframework.boot.ssl.jks.JksSslStoreBundle.createKeyStore(JksSslStoreBundle.java:89) ~[spring-boot-3.2.3.jar:3.2.3]
	... 24 common frames omitted
Caused by: java.io.FileNotFoundException: class path resource [keystore.p12] cannot be resolved to URL because it does not exist
	at org.springframework.util.ResourceUtils.getURL(ResourceUtils.java:138) ~[spring-core-6.1.4.jar:6.1.4]
	at org.springframework.boot.ssl.jks.JksSslStoreBundle.loadKeyStore(JksSslStoreBundle.java:117) ~[spring-boot-3.2.3.jar:3.2.3]
	... 25 common frames omitted

2025-03-23T17:58:53.082+05:30  INFO 34729 --- [The_Student_Voice_Backend] [restartedMain] c.e.T.TheStudentVoiceBackendApplication  : Starting TheStudentVoiceBackendApplication using Java 17.0.14 with PID 34729 (/Users/home/Desktop/TSV/The-Student-Voice-Backend/The_Student_Voice_Backend/build/classes/java/main started by home in /Users/home/Desktop/TSV/The-Student-Voice-Backend/The_Student_Voice_Backend)
2025-03-23T17:58:53.083+05:30 DEBUG 34729 --- [The_Student_Voice_Backend] [restartedMain] c.e.T.TheStudentVoiceBackendApplication  : Running with Spring Boot v3.2.3, Spring v6.1.4
2025-03-23T17:58:53.083+05:30  INFO 34729 --- [The_Student_Voice_Backend] [restartedMain] c.e.T.TheStudentVoiceBackendApplication  : The following 1 profile is active: "dev"
2025-03-23T17:58:53.101+05:30  INFO 34729 --- [The_Student_Voice_Backend] [restartedMain] .e.DevToolsPropertyDefaultsPostProcessor : Devtools property defaults active! Set 'spring.devtools.add-properties' to 'false' to disable
2025-03-23T17:58:53.101+05:30  INFO 34729 --- [The_Student_Voice_Backend] [restartedMain] .e.DevToolsPropertyDefaultsPostProcessor : For additional web related logging consider setting the 'logging.level.web' property to 'DEBUG'
2025-03-23T17:58:53.540+05:30  INFO 34729 --- [The_Student_Voice_Backend] [restartedMain] .s.d.r.c.RepositoryConfigurationDelegate : Bootstrapping Spring Data JPA repositories in DEFAULT mode.
2025-03-23T17:58:53.561+05:30  INFO 34729 --- [The_Student_Voice_Backend] [restartedMain] .s.d.r.c.RepositoryConfigurationDelegate : Finished Spring Data repository scanning in 17 ms. Found 2 JPA repository interfaces.
2025-03-23T17:58:53.848+05:30  INFO 34729 --- [The_Student_Voice_Backend] [restartedMain] o.s.b.w.embedded.tomcat.TomcatWebServer  : Tomcat initialized with port 8080 (http)
2025-03-23T17:58:53.852+05:30  INFO 34729 --- [The_Student_Voice_Backend] [restartedMain] o.apache.catalina.core.StandardService   : Starting service [Tomcat]
2025-03-23T17:58:53.852+05:30  INFO 34729 --- [The_Student_Voice_Backend] [restartedMain] o.apache.catalina.core.StandardEngine    : Starting Servlet engine: [Apache Tomcat/10.1.19]
2025-03-23T17:58:53.868+05:30  INFO 34729 --- [The_Student_Voice_Backend] [restartedMain] o.a.c.c.C.[.[localhost].[/api/v1]        : Initializing Spring embedded WebApplicationContext
2025-03-23T17:58:53.868+05:30  INFO 34729 --- [The_Student_Voice_Backend] [restartedMain] w.s.c.ServletWebServerApplicationContext : Root WebApplicationContext: initialization completed in 766 ms
2025-03-23T17:58:53.940+05:30 DEBUG 34729 --- [The_Student_Voice_Backend] [restartedMain] o.s.w.f.ServerHttpObservationFilter      : Filter 'webMvcObservationFilter' configured for use
2025-03-23T17:58:54.001+05:30  INFO 34729 --- [The_Student_Voice_Backend] [restartedMain] o.hibernate.jpa.internal.util.LogHelper  : HHH000204: Processing PersistenceUnitInfo [name: default]
2025-03-23T17:58:54.027+05:30  INFO 34729 --- [The_Student_Voice_Backend] [restartedMain] org.hibernate.Version                    : HHH000412: Hibernate ORM core version 6.4.4.Final
2025-03-23T17:58:54.040+05:30  INFO 34729 --- [The_Student_Voice_Backend] [restartedMain] o.h.c.internal.RegionFactoryInitiator    : HHH000026: Second-level cache disabled
2025-03-23T17:58:54.157+05:30  INFO 34729 --- [The_Student_Voice_Backend] [restartedMain] o.s.o.j.p.SpringPersistenceUnitInfo      : No LoadTimeWeaver setup: ignoring JPA class transformer
2025-03-23T17:58:54.167+05:30  INFO 34729 --- [The_Student_Voice_Backend] [restartedMain] com.zaxxer.hikari.HikariDataSource       : HikariPool-1 - Starting...
2025-03-23T17:58:54.240+05:30  INFO 34729 --- [The_Student_Voice_Backend] [restartedMain] com.zaxxer.hikari.pool.HikariPool        : HikariPool-1 - Added connection com.mysql.cj.jdbc.ConnectionImpl@3bb59681
2025-03-23T17:58:54.241+05:30  INFO 34729 --- [The_Student_Voice_Backend] [restartedMain] com.zaxxer.hikari.HikariDataSource       : HikariPool-1 - Start completed.
2025-03-23T17:58:54.272+05:30  WARN 34729 --- [The_Student_Voice_Backend] [restartedMain] org.hibernate.orm.deprecation            : HHH90000025: MySQL8Dialect does not need to be specified explicitly using 'hibernate.dialect' (remove the property setting and it will be selected by default)
2025-03-23T17:58:54.272+05:30  WARN 34729 --- [The_Student_Voice_Backend] [restartedMain] org.hibernate.orm.deprecation            : HHH90000026: MySQL8Dialect has been deprecated; use org.hibernate.dialect.MySQLDialect instead
2025-03-23T17:58:54.628+05:30  INFO 34729 --- [The_Student_Voice_Backend] [restartedMain] o.h.e.t.j.p.i.JtaPlatformInitiator       : HHH000489: No JTA platform available (set 'hibernate.transaction.jta.platform' to enable JTA platform integration)
2025-03-23T17:58:54.668+05:30  INFO 34729 --- [The_Student_Voice_Backend] [restartedMain] j.LocalContainerEntityManagerFactoryBean : Initialized JPA EntityManagerFactory for persistence unit 'default'
2025-03-23T17:58:54.814+05:30  INFO 34729 --- [The_Student_Voice_Backend] [restartedMain] o.s.d.j.r.query.QueryEnhancerFactory     : Hibernate is in classpath; If applicable, HQL parser will be used.
2025-03-23T17:58:54.942+05:30  INFO 34729 --- [The_Student_Voice_Backend] [restartedMain] c.e.T.s.GovernmentScholarshipService     : GovernmentScholarshipService initialized
2025-03-23T17:58:54.950+05:30  INFO 34729 --- [The_Student_Voice_Backend] [restartedMain] c.e.T.c.GovernmentScholarshipController  : GovernmentScholarshipController initialized
2025-03-23T17:58:55.146+05:30 DEBUG 34729 --- [The_Student_Voice_Backend] [restartedMain] s.w.s.m.m.a.RequestMappingHandlerMapping : 33 mappings in 'requestMappingHandlerMapping'
2025-03-23T17:58:55.195+05:30 DEBUG 34729 --- [The_Student_Voice_Backend] [restartedMain] o.s.w.s.c.annotation.WebMvcConfigurer    : Default resource handling disabled
2025-03-23T17:58:55.197+05:30 DEBUG 34729 --- [The_Student_Voice_Backend] [restartedMain] o.s.w.s.handler.SimpleUrlHandlerMapping  : Patterns [/swagger-ui*/*swagger-initializer.js, /swagger-ui*/**] in 'resourceHandlerMapping'
2025-03-23T17:58:55.216+05:30 DEBUG 34729 --- [The_Student_Voice_Backend] [restartedMain] s.w.s.m.m.a.RequestMappingHandlerAdapter : ControllerAdvice beans: 0 @ModelAttribute, 0 @InitBinder, 1 RequestBodyAdvice, 1 ResponseBodyAdvice
2025-03-23T17:58:55.231+05:30 DEBUG 34729 --- [The_Student_Voice_Backend] [restartedMain] .m.m.a.ExceptionHandlerExceptionResolver : ControllerAdvice beans: 2 @ExceptionHandler, 1 ResponseBodyAdvice
2025-03-23T17:58:55.413+05:30  INFO 34729 --- [The_Student_Voice_Backend] [restartedMain] o.s.b.d.a.OptionalLiveReloadServer       : LiveReload server is running on port 35729
2025-03-23T17:58:55.417+05:30  INFO 34729 --- [The_Student_Voice_Backend] [restartedMain] o.s.b.a.e.web.EndpointLinksResolver      : Exposing 3 endpoint(s) beneath base path '/actuator'
2025-03-23T17:58:55.464+05:30  INFO 34729 --- [The_Student_Voice_Backend] [restartedMain] o.s.b.w.embedded.tomcat.TomcatWebServer  : Tomcat started on port 8080 (http) with context path '/api/v1'
2025-03-23T17:58:55.473+05:30  INFO 34729 --- [The_Student_Voice_Backend] [restartedMain] c.e.T.TheStudentVoiceBackendApplication  : Started TheStudentVoiceBackendApplication in 2.592 seconds (process running for 2.921)
2025-03-23T17:58:55.814+05:30  INFO 34729 --- [The_Student_Voice_Backend] [RMI TCP Connection(1)-127.0.0.1] o.a.c.c.C.[.[localhost].[/api/v1]        : Initializing Spring DispatcherServlet 'dispatcherServlet'
2025-03-23T17:58:55.814+05:30  INFO 34729 --- [The_Student_Voice_Backend] [RMI TCP Connection(1)-127.0.0.1] o.s.web.servlet.DispatcherServlet        : Initializing Servlet 'dispatcherServlet'
2025-03-23T17:58:55.814+05:30 DEBUG 34729 --- [The_Student_Voice_Backend] [RMI TCP Connection(1)-127.0.0.1] o.s.web.servlet.DispatcherServlet        : Detected StandardServletMultipartResolver
2025-03-23T17:58:55.814+05:30 DEBUG 34729 --- [The_Student_Voice_Backend] [RMI TCP Connection(1)-127.0.0.1] o.s.web.servlet.DispatcherServlet        : Detected AcceptHeaderLocaleResolver
2025-03-23T17:58:55.814+05:30 DEBUG 34729 --- [The_Student_Voice_Backend] [RMI TCP Connection(1)-127.0.0.1] o.s.web.servlet.DispatcherServlet        : Detected FixedThemeResolver
2025-03-23T17:58:55.815+05:30 DEBUG 34729 --- [The_Student_Voice_Backend] [RMI TCP Connection(1)-127.0.0.1] o.s.web.servlet.DispatcherServlet        : Detected org.springframework.web.servlet.view.DefaultRequestToViewNameTranslator@25fcd6e7
2025-03-23T17:58:55.815+05:30 DEBUG 34729 --- [The_Student_Voice_Backend] [RMI TCP Connection(1)-127.0.0.1] o.s.web.servlet.DispatcherServlet        : Detected org.springframework.web.servlet.support.SessionFlashMapManager@71cf11af
2025-03-23T17:58:55.815+05:30 DEBUG 34729 --- [The_Student_Voice_Backend] [RMI TCP Connection(1)-127.0.0.1] o.s.web.servlet.DispatcherServlet        : enableLoggingRequestDetails='false': request parameters and headers will be masked to prevent unsafe logging of potentially sensitive data
2025-03-23T17:58:55.815+05:30  INFO 34729 --- [The_Student_Voice_Backend] [RMI TCP Connection(1)-127.0.0.1] o.s.web.servlet.DispatcherServlet        : Completed initialization in 1 ms
2025-03-23T17:59:24.607+05:30 DEBUG 34729 --- [The_Student_Voice_Backend] [http-nio-8080-exec-2] o.s.web.servlet.DispatcherServlet        : GET "/api/v1/government-scholarships/popular?minPopularity=6000", parameters={masked}
2025-03-23T17:59:24.617+05:30 DEBUG 34729 --- [The_Student_Voice_Backend] [http-nio-8080-exec-2] s.w.s.m.m.a.RequestMappingHandlerMapping : Mapped to com.example.The_Student_Voice_Backend.controller.GovernmentScholarshipController#getPopularScholarships(Integer)
2025-03-23T17:59:24.643+05:30  INFO 34729 --- [The_Student_Voice_Backend] [http-nio-8080-exec-2] c.e.T.c.GovernmentScholarshipController  : GET request received for popular scholarships with minimum popularity: 6000
2025-03-23T17:59:24.658+05:30 DEBUG 34729 --- [The_Student_Voice_Backend] [http-nio-8080-exec-2] c.e.T.s.GovernmentScholarshipService     : Fetching popular scholarships with minimum popularity: 6000
2025-03-23T17:59:24.700+05:30 DEBUG 34729 --- [The_Student_Voice_Backend] [http-nio-8080-exec-2] org.hibernate.SQL                        : 
    select
        gs1_0.id,
        gs1_0.amount,
        gs1_0.amount_range,
        gs1_0.application_link,
        gs1_0.application_status,
        gs1_0.category,
        gs1_0.deadline,
        gs1_0.deadline_date,
        gs1_0.degree,
        gs1_0.eligibility_criteria,
        gs1_0.field_of_study,
        gs1_0.financial_aid_type,
        gs1_0.gender,
        gs1_0.income_limit,
        gs1_0.institute_type,
        gs1_0.location,
        gs1_0.name,
        gs1_0.popularity,
        gs1_0.provider,
        gs1_0.required_documents,
        gs1_0.tags,
        gs1_0.type 
    from
        government_scholarships gs1_0 
    where
        gs1_0.popularity>=? 
    order by
        gs1_0.popularity desc
2025-03-23T17:59:24.737+05:30 DEBUG 34729 --- [The_Student_Voice_Backend] [http-nio-8080-exec-2] org.hibernate.SQL                        : 
    update
        government_scholarships 
    set
        amount=?,
        amount_range=cast(? as json),
        application_link=?,
        application_status=?,
        category=?,
        deadline=?,
        deadline_date=?,
        degree=?,
        eligibility_criteria=cast(? as json),
        field_of_study=cast(? as json),
        financial_aid_type=cast(? as json),
        gender=?,
        income_limit=?,
        institute_type=cast(? as json),
        location=cast(? as json),
        name=?,
        popularity=?,
        provider=?,
        required_documents=cast(? as json),
        tags=cast(? as json),
        type=? 
    where
        id=?
2025-03-23T17:59:24.744+05:30 DEBUG 34729 --- [The_Student_Voice_Backend] [http-nio-8080-exec-2] org.hibernate.SQL                        : 
    update
        government_scholarships 
    set
        amount=?,
        amount_range=cast(? as json),
        application_link=?,
        application_status=?,
        category=?,
        deadline=?,
        deadline_date=?,
        degree=?,
        eligibility_criteria=cast(? as json),
        field_of_study=cast(? as json),
        financial_aid_type=cast(? as json),
        gender=?,
        income_limit=?,
        institute_type=cast(? as json),
        location=cast(? as json),
        name=?,
        popularity=?,
        provider=?,
        required_documents=cast(? as json),
        tags=cast(? as json),
        type=? 
    where
        id=?
2025-03-23T17:59:24.745+05:30 DEBUG 34729 --- [The_Student_Voice_Backend] [http-nio-8080-exec-2] org.hibernate.SQL                        : 
    update
        government_scholarships 
    set
        amount=?,
        amount_range=cast(? as json),
        application_link=?,
        application_status=?,
        category=?,
        deadline=?,
        deadline_date=?,
        degree=?,
        eligibility_criteria=cast(? as json),
        field_of_study=cast(? as json),
        financial_aid_type=cast(? as json),
        gender=?,
        income_limit=?,
        institute_type=cast(? as json),
        location=cast(? as json),
        name=?,
        popularity=?,
        provider=?,
        required_documents=cast(? as json),
        tags=cast(? as json),
        type=? 
    where
        id=?
2025-03-23T17:59:24.747+05:30 DEBUG 34729 --- [The_Student_Voice_Backend] [http-nio-8080-exec-2] org.hibernate.SQL                        : 
    update
        government_scholarships 
    set
        amount=?,
        amount_range=cast(? as json),
        application_link=?,
        application_status=?,
        category=?,
        deadline=?,
        deadline_date=?,
        degree=?,
        eligibility_criteria=cast(? as json),
        field_of_study=cast(? as json),
        financial_aid_type=cast(? as json),
        gender=?,
        income_limit=?,
        institute_type=cast(? as json),
        location=cast(? as json),
        name=?,
        popularity=?,
        provider=?,
        required_documents=cast(? as json),
        tags=cast(? as json),
        type=? 
    where
        id=?
2025-03-23T17:59:24.749+05:30 DEBUG 34729 --- [The_Student_Voice_Backend] [http-nio-8080-exec-2] org.hibernate.SQL                        : 
    update
        government_scholarships 
    set
        amount=?,
        amount_range=cast(? as json),
        application_link=?,
        application_status=?,
        category=?,
        deadline=?,
        deadline_date=?,
        degree=?,
        eligibility_criteria=cast(? as json),
        field_of_study=cast(? as json),
        financial_aid_type=cast(? as json),
        gender=?,
        income_limit=?,
        institute_type=cast(? as json),
        location=cast(? as json),
        name=?,
        popularity=?,
        provider=?,
        required_documents=cast(? as json),
        tags=cast(? as json),
        type=? 
    where
        id=?
2025-03-23T17:59:24.750+05:30 DEBUG 34729 --- [The_Student_Voice_Backend] [http-nio-8080-exec-2] org.hibernate.SQL                        : 
    update
        government_scholarships 
    set
        amount=?,
        amount_range=cast(? as json),
        application_link=?,
        application_status=?,
        category=?,
        deadline=?,
        deadline_date=?,
        degree=?,
        eligibility_criteria=cast(? as json),
        field_of_study=cast(? as json),
        financial_aid_type=cast(? as json),
        gender=?,
        income_limit=?,
        institute_type=cast(? as json),
        location=cast(? as json),
        name=?,
        popularity=?,
        provider=?,
        required_documents=cast(? as json),
        tags=cast(? as json),
        type=? 
    where
        id=?
2025-03-23T17:59:24.752+05:30 DEBUG 34729 --- [The_Student_Voice_Backend] [http-nio-8080-exec-2] org.hibernate.SQL                        : 
    update
        government_scholarships 
    set
        amount=?,
        amount_range=cast(? as json),
        application_link=?,
        application_status=?,
        category=?,
        deadline=?,
        deadline_date=?,
        degree=?,
        eligibility_criteria=cast(? as json),
        field_of_study=cast(? as json),
        financial_aid_type=cast(? as json),
        gender=?,
        income_limit=?,
        institute_type=cast(? as json),
        location=cast(? as json),
        name=?,
        popularity=?,
        provider=?,
        required_documents=cast(? as json),
        tags=cast(? as json),
        type=? 
    where
        id=?
2025-03-23T17:59:24.754+05:30 DEBUG 34729 --- [The_Student_Voice_Backend] [http-nio-8080-exec-2] org.hibernate.SQL                        : 
    update
        government_scholarships 
    set
        amount=?,
        amount_range=cast(? as json),
        application_link=?,
        application_status=?,
        category=?,
        deadline=?,
        deadline_date=?,
        degree=?,
        eligibility_criteria=cast(? as json),
        field_of_study=cast(? as json),
        financial_aid_type=cast(? as json),
        gender=?,
        income_limit=?,
        institute_type=cast(? as json),
        location=cast(? as json),
        name=?,
        popularity=?,
        provider=?,
        required_documents=cast(? as json),
        tags=cast(? as json),
        type=? 
    where
        id=?
2025-03-23T17:59:24.757+05:30 DEBUG 34729 --- [The_Student_Voice_Backend] [http-nio-8080-exec-2] org.hibernate.SQL                        : 
    update
        government_scholarships 
    set
        amount=?,
        amount_range=cast(? as json),
        application_link=?,
        application_status=?,
        category=?,
        deadline=?,
        deadline_date=?,
        degree=?,
        eligibility_criteria=cast(? as json),
        field_of_study=cast(? as json),
        financial_aid_type=cast(? as json),
        gender=?,
        income_limit=?,
        institute_type=cast(? as json),
        location=cast(? as json),
        name=?,
        popularity=?,
        provider=?,
        required_documents=cast(? as json),
        tags=cast(? as json),
        type=? 
    where
        id=?
2025-03-23T17:59:24.758+05:30 DEBUG 34729 --- [The_Student_Voice_Backend] [http-nio-8080-exec-2] org.hibernate.SQL                        : 
    update
        government_scholarships 
    set
        amount=?,
        amount_range=cast(? as json),
        application_link=?,
        application_status=?,
        category=?,
        deadline=?,
        deadline_date=?,
        degree=?,
        eligibility_criteria=cast(? as json),
        field_of_study=cast(? as json),
        financial_aid_type=cast(? as json),
        gender=?,
        income_limit=?,
        institute_type=cast(? as json),
        location=cast(? as json),
        name=?,
        popularity=?,
        provider=?,
        required_documents=cast(? as json),
        tags=cast(? as json),
        type=? 
    where
        id=?
2025-03-23T17:59:24.760+05:30 DEBUG 34729 --- [The_Student_Voice_Backend] [http-nio-8080-exec-2] org.hibernate.SQL                        : 
    update
        government_scholarships 
    set
        amount=?,
        amount_range=cast(? as json),
        application_link=?,
        application_status=?,
        category=?,
        deadline=?,
        deadline_date=?,
        degree=?,
        eligibility_criteria=cast(? as json),
        field_of_study=cast(? as json),
        financial_aid_type=cast(? as json),
        gender=?,
        income_limit=?,
        institute_type=cast(? as json),
        location=cast(? as json),
        name=?,
        popularity=?,
        provider=?,
        required_documents=cast(? as json),
        tags=cast(? as json),
        type=? 
    where
        id=?
2025-03-23T17:59:24.762+05:30 DEBUG 34729 --- [The_Student_Voice_Backend] [http-nio-8080-exec-2] org.hibernate.SQL                        : 
    update
        government_scholarships 
    set
        amount=?,
        amount_range=cast(? as json),
        application_link=?,
        application_status=?,
        category=?,
        deadline=?,
        deadline_date=?,
        degree=?,
        eligibility_criteria=cast(? as json),
        field_of_study=cast(? as json),
        financial_aid_type=cast(? as json),
        gender=?,
        income_limit=?,
        institute_type=cast(? as json),
        location=cast(? as json),
        name=?,
        popularity=?,
        provider=?,
        required_documents=cast(? as json),
        tags=cast(? as json),
        type=? 
    where
        id=?
2025-03-23T17:59:24.763+05:30 DEBUG 34729 --- [The_Student_Voice_Backend] [http-nio-8080-exec-2] org.hibernate.SQL                        : 
    update
        government_scholarships 
    set
        amount=?,
        amount_range=cast(? as json),
        application_link=?,
        application_status=?,
        category=?,
        deadline=?,
        deadline_date=?,
        degree=?,
        eligibility_criteria=cast(? as json),
        field_of_study=cast(? as json),
        financial_aid_type=cast(? as json),
        gender=?,
        income_limit=?,
        institute_type=cast(? as json),
        location=cast(? as json),
        name=?,
        popularity=?,
        provider=?,
        required_documents=cast(? as json),
        tags=cast(? as json),
        type=? 
    where
        id=?
2025-03-23T17:59:24.765+05:30 DEBUG 34729 --- [The_Student_Voice_Backend] [http-nio-8080-exec-2] org.hibernate.SQL                        : 
    update
        government_scholarships 
    set
        amount=?,
        amount_range=cast(? as json),
        application_link=?,
        application_status=?,
        category=?,
        deadline=?,
        deadline_date=?,
        degree=?,
        eligibility_criteria=cast(? as json),
        field_of_study=cast(? as json),
        financial_aid_type=cast(? as json),
        gender=?,
        income_limit=?,
        institute_type=cast(? as json),
        location=cast(? as json),
        name=?,
        popularity=?,
        provider=?,
        required_documents=cast(? as json),
        tags=cast(? as json),
        type=? 
    where
        id=?
2025-03-23T17:59:24.766+05:30 DEBUG 34729 --- [The_Student_Voice_Backend] [http-nio-8080-exec-2] org.hibernate.SQL                        : 
    update
        government_scholarships 
    set
        amount=?,
        amount_range=cast(? as json),
        application_link=?,
        application_status=?,
        category=?,
        deadline=?,
        deadline_date=?,
        degree=?,
        eligibility_criteria=cast(? as json),
        field_of_study=cast(? as json),
        financial_aid_type=cast(? as json),
        gender=?,
        income_limit=?,
        institute_type=cast(? as json),
        location=cast(? as json),
        name=?,
        popularity=?,
        provider=?,
        required_documents=cast(? as json),
        tags=cast(? as json),
        type=? 
    where
        id=?
2025-03-23T17:59:24.767+05:30 DEBUG 34729 --- [The_Student_Voice_Backend] [http-nio-8080-exec-2] org.hibernate.SQL                        : 
    update
        government_scholarships 
    set
        amount=?,
        amount_range=cast(? as json),
        application_link=?,
        application_status=?,
        category=?,
        deadline=?,
        deadline_date=?,
        degree=?,
        eligibility_criteria=cast(? as json),
        field_of_study=cast(? as json),
        financial_aid_type=cast(? as json),
        gender=?,
        income_limit=?,
        institute_type=cast(? as json),
        location=cast(? as json),
        name=?,
        popularity=?,
        provider=?,
        required_documents=cast(? as json),
        tags=cast(? as json),
        type=? 
    where
        id=?
2025-03-23T17:59:24.769+05:30 DEBUG 34729 --- [The_Student_Voice_Backend] [http-nio-8080-exec-2] org.hibernate.SQL                        : 
    update
        government_scholarships 
    set
        amount=?,
        amount_range=cast(? as json),
        application_link=?,
        application_status=?,
        category=?,
        deadline=?,
        deadline_date=?,
        degree=?,
        eligibility_criteria=cast(? as json),
        field_of_study=cast(? as json),
        financial_aid_type=cast(? as json),
        gender=?,
        income_limit=?,
        institute_type=cast(? as json),
        location=cast(? as json),
        name=?,
        popularity=?,
        provider=?,
        required_documents=cast(? as json),
        tags=cast(? as json),
        type=? 
    where
        id=?
2025-03-23T17:59:24.780+05:30 DEBUG 34729 --- [The_Student_Voice_Backend] [http-nio-8080-exec-2] o.s.w.s.m.m.a.HttpEntityMethodProcessor  : Using 'application/json', given [*/*] and supported [application/json, application/*+json]
2025-03-23T17:59:24.788+05:30 DEBUG 34729 --- [The_Student_Voice_Backend] [http-nio-8080-exec-2] o.s.w.s.m.m.a.HttpEntityMethodProcessor  : Writing [ApiResponse(success=true, message=Success, data=[GovernmentScholarship(id=1, name=Post Matric Schola (truncated)...]
2025-03-23T17:59:24.794+05:30 DEBUG 34729 --- [The_Student_Voice_Backend] [http-nio-8080-exec-2] o.s.web.servlet.DispatcherServlet        : Completed 200 OK
